<?xml version="1.0" encoding="UTF-8"?>
<testsuite name="org.apache.fop.fotreetest.FOTreeTestCase" time="0.707" tests="41" errors="0" skipped="0" failures="0">
  <properties>
[...]
</properties>
  <testcase name="runTest[0]" classname="org.apache.fop.fotreetest.FOTreeTestCase" time="0.029"/>
  <testcase name="runTest[1]" classname="org.apache.fop.fotreetest.FOTreeTestCase" time="0.033"/>
  <testcase name="runTest[2]" classname="org.apache.fop.fotreetest.FOTreeTestCase" time="0.099"/>
  <testcase name="runTest[3]" classname="org.apache.fop.fotreetest.FOTreeTestCase" time="0.061"/>
  <testcase name="runTest[4]" classname="org.apache.fop.fotreetest.FOTreeTestCase" time="0.02"/>
  <testcase name="runTest[5]" classname="org.apache.fop.fotreetest.FOTreeTestCase" time="0.008"/>
  <testcase name="runTest[6]" classname="org.apache.fop.fotreetest.FOTreeTestCase" time="0.026"/>
  <testcase name="runTest[7]" classname="org.apache.fop.fotreetest.FOTreeTestCase" time="0.008"/>
  <testcase name="runTest[8]" classname="org.apache.fop.fotreetest.FOTreeTestCase" time="0.007"/>
  <testcase name="runTest[9]" classname="org.apache.fop.fotreetest.FOTreeTestCase" time="0.009"/>
  <testcase name="runTest[10]" classname="org.apache.fop.fotreetest.FOTreeTestCase" time="0.008"/>
  <testcase name="runTest[11]" classname="org.apache.fop.fotreetest.FOTreeTestCase" time="0.011"/>
  <testcase name="runTest[12]" classname="org.apache.fop.fotreetest.FOTreeTestCase" time="0.007"/>
  <testcase name="runTest[13]" classname="org.apache.fop.fotreetest.FOTreeTestCase" time="0.008"/>
  <testcase name="runTest[14]" classname="org.apache.fop.fotreetest.FOTreeTestCase" time="0.005"/>
  <testcase name="runTest[15]" classname="org.apache.fop.fotreetest.FOTreeTestCase" time="0.005"/>
  <testcase name="runTest[16]" classname="org.apache.fop.fotreetest.FOTreeTestCase" time="0.006"/>
  <testcase name="runTest[17]" classname="org.apache.fop.fotreetest.FOTreeTestCase" time="0.003"/>
  <testcase name="runTest[18]" classname="org.apache.fop.fotreetest.FOTreeTestCase" time="0.004"/>
  <testcase name="runTest[19]" classname="org.apache.fop.fotreetest.FOTreeTestCase" time="0.002"/>
  <testcase name="runTest[20]" classname="org.apache.fop.fotreetest.FOTreeTestCase" time="0.004"/>
  <testcase name="runTest[21]" classname="org.apache.fop.fotreetest.FOTreeTestCase" time="0.002"/>
  <testcase name="runTest[22]" classname="org.apache.fop.fotreetest.FOTreeTestCase" time="0.004"/>
  <testcase name="runTest[23]" classname="org.apache.fop.fotreetest.FOTreeTestCase" time="0.022"/>
  <testcase name="runTest[24]" classname="org.apache.fop.fotreetest.FOTreeTestCase" time="0.003"/>
  <testcase name="runTest[25]" classname="org.apache.fop.fotreetest.FOTreeTestCase" time="0.004"/>
  <testcase name="runTest[26]" classname="org.apache.fop.fotreetest.FOTreeTestCase" time="0.003"/>
  <testcase name="runTest[27]" classname="org.apache.fop.fotreetest.FOTreeTestCase" time="0.008"/>
  <testcase name="runTest[28]" classname="org.apache.fop.fotreetest.FOTreeTestCase" time="0.246"/>
  <testcase name="runTest[29]" classname="org.apache.fop.fotreetest.FOTreeTestCase" time="0.004"/>
  <testcase name="runTest[30]" classname="org.apache.fop.fotreetest.FOTreeTestCase" time="0.002"/>
  <testcase name="runTest[31]" classname="org.apache.fop.fotreetest.FOTreeTestCase" time="0.004"/>
  <testcase name="runTest[32]" classname="org.apache.fop.fotreetest.FOTreeTestCase" time="0.006"/>
  <testcase name="runTest[33]" classname="org.apache.fop.fotreetest.FOTreeTestCase" time="0.007"/>
  <testcase name="runTest[34]" classname="org.apache.fop.fotreetest.FOTreeTestCase" time="0.004"/>
  <testcase name="runTest[35]" classname="org.apache.fop.fotreetest.FOTreeTestCase" time="0.006"/>
  <testcase name="runTest[36]" classname="org.apache.fop.fotreetest.FOTreeTestCase" time="0.005"/>
  <testcase name="runTest[37]" classname="org.apache.fop.fotreetest.FOTreeTestCase" time="0.002"/>
  <testcase name="runTest[38]" classname="org.apache.fop.fotreetest.FOTreeTestCase" time="0.003"/>
  <testcase name="runTest[39]" classname="org.apache.fop.fotreetest.FOTreeTestCase" time="0.006"/>
  <testcase name="runTest[40]" classname="org.apache.fop.fotreetest.FOTreeTestCase" time="0.003"/>
</testsuite>