<?xml version="1.0" encoding="UTF-8"?>
<testsuite name="org.apache.fop.layoutengine.LayoutEngineTestCase" time="18.587" tests="685" errors="0" skipped="0" failures="0">
  <properties>
[...]
</properties>
  <testcase name="runTest[0]" classname="org.apache.fop.layoutengine.LayoutEngineTestCase" time="0.05"/>
  <testcase name="runTest[1]" classname="org.apache.fop.layoutengine.LayoutEngineTestCase" time="0.36"/>
  <testcase name="runTest[2]" classname="org.apache.fop.layoutengine.LayoutEngineTestCase" time="0.053"/>
  <testcase name="runTest[3]" classname="org.apache.fop.layoutengine.LayoutEngineTestCase" time="0.544"/>
  <testcase name="runTest[4]" classname="org.apache.fop.layoutengine.LayoutEngineTestCase" time="0.053"/>
  <testcase name="runTest[5]" classname="org.apache.fop.layoutengine.LayoutEngineTestCase" time="0.104"/>
  <testcase name="runTest[6]" classname="org.apache.fop.layoutengine.LayoutEngineTestCase" time="0.031"/>
  <testcase name="runTest[7]" classname="org.apache.fop.layoutengine.LayoutEngineTestCase" time="0.06"/>
  <testcase name="runTest[8]" classname="org.apache.fop.layoutengine.LayoutEngineTestCase" time="0.05"/>
  <testcase name="runTest[9]" classname="org.apache.fop.layoutengine.LayoutEngineTestCase" time="0.064"/>
  <testcase name="runTest[10]" classname="org.apache.fop.layoutengine.LayoutEngineTestCase" time="0.046"/>
  <testcase name="runTest[11]" classname="org.apache.fop.layoutengine.LayoutEngineTestCase" time="0.022"/>
  <testcase name="runTest[12]" classname="org.apache.fop.layoutengine.LayoutEngineTestCase" time="0.02"/>
  <testcase name="runTest[13]" classname="org.apache.fop.layoutengine.LayoutEngineTestCase" time="0.03"/>
  <testcase name="runTest[14]" classname="org.apache.fop.layoutengine.LayoutEngineTestCase" time="0.031"/>
  <testcase name="runTest[15]" classname="org.apache.fop.layoutengine.LayoutEngineTestCase" time="0.021"/>
  <testcase name="runTest[16]" classname="org.apache.fop.layoutengine.LayoutEngineTestCase" time="0.016"/>
  <testcase name="runTest[17]" classname="org.apache.fop.layoutengine.LayoutEngineTestCase" time="0.021"/>
  <testcase name="runTest[18]" classname="org.apache.fop.layoutengine.LayoutEngineTestCase" time="0.018"/>
  <testcase name="runTest[19]" classname="org.apache.fop.layoutengine.LayoutEngineTestCase" time="0.02"/>
  <testcase name="runTest[20]" classname="org.apache.fop.layoutengine.LayoutEngineTestCase" time="0.019"/>
  <testcase name="runTest[21]" classname="org.apache.fop.layoutengine.LayoutEngineTestCase" time="0.038"/>
  <testcase name="runTest[22]" classname="org.apache.fop.layoutengine.LayoutEngineTestCase" time="0.015"/>
  <testcase name="runTest[23]" classname="org.apache.fop.layoutengine.LayoutEngineTestCase" time="0.02"/>
  <testcase name="runTest[24]" classname="org.apache.fop.layoutengine.LayoutEngineTestCase" time="0.023"/>
  <testcase name="runTest[25]" classname="org.apache.fop.layoutengine.LayoutEngineTestCase" time="0.249"/>
  <testcase name="runTest[26]" classname="org.apache.fop.layoutengine.LayoutEngineTestCase" time="0.021"/>
  <testcase name="runTest[27]" classname="org.apache.fop.layoutengine.LayoutEngineTestCase" time="0.026"/>
  <testcase name="runTest[28]" classname="org.apache.fop.layoutengine.LayoutEngineTestCase" time="0.023"/>
  <testcase name="runTest[29]" classname="org.apache.fop.layoutengine.LayoutEngineTestCase" time="0.043"/>
  <testcase name="runTest[30]" classname="org.apache.fop.layoutengine.LayoutEngineTestCase" time="0.046"/>
  <testcase name="runTest[31]" classname="org.apache.fop.layoutengine.LayoutEngineTestCase" time="0.021"/>
  <testcase name="runTest[32]" classname="org.apache.fop.layoutengine.LayoutEngineTestCase" time="0.043"/>
  <testcase name="runTest[33]" classname="org.apache.fop.layoutengine.LayoutEngineTestCase" time="0.033"/>
  <testcase name="runTest[34]" classname="org.apache.fop.layoutengine.LayoutEngineTestCase" time="0.032"/>
  <testcase name="runTest[35]" classname="org.apache.fop.layoutengine.LayoutEngineTestCase" time="0.05"/>
  <testcase name="runTest[36]" classname="org.apache.fop.layoutengine.LayoutEngineTestCase" time="0.017"/>
  <testcase name="runTest[37]" classname="org.apache.fop.layoutengine.LayoutEngineTestCase" time="0.023"/>
  <testcase name="runTest[38]" classname="org.apache.fop.layoutengine.LayoutEngineTestCase" time="0.077"/>
  <testcase name="runTest[39]" classname="org.apache.fop.layoutengine.LayoutEngineTestCase" time="0.044"/>
  <testcase name="runTest[40]" classname="org.apache.fop.layoutengine.LayoutEngineTestCase" time="0.03"/>
  <testcase name="runTest[41]" classname="org.apache.fop.layoutengine.LayoutEngineTestCase" time="0.026"/>
  <testcase name="runTest[42]" classname="org.apache.fop.layoutengine.LayoutEngineTestCase" time="0.089"/>
  <testcase name="runTest[43]" classname="org.apache.fop.layoutengine.LayoutEngineTestCase" time="0.094"/>
  <testcase name="runTest[44]" classname="org.apache.fop.layoutengine.LayoutEngineTestCase" time="0.037"/>
  <testcase name="runTest[45]" classname="org.apache.fop.layoutengine.LayoutEngineTestCase" time="0.227"/>
  <testcase name="runTest[46]" classname="org.apache.fop.layoutengine.LayoutEngineTestCase" time="0.033"/>
  <testcase name="runTest[47]" classname="org.apache.fop.layoutengine.LayoutEngineTestCase" time="0.115"/>
  <testcase name="runTest[48]" classname="org.apache.fop.layoutengine.LayoutEngineTestCase" time="0"/>
  <testcase name="runTest[49]" classname="org.apache.fop.layoutengine.LayoutEngineTestCase" time="0.037"/>
  <testcase name="runTest[50]" classname="org.apache.fop.layoutengine.LayoutEngineTestCase" time="0.012"/>
  <testcase name="runTest[51]" classname="org.apache.fop.layoutengine.LayoutEngineTestCase" time="0.018"/>
  <testcase name="runTest[52]" classname="org.apache.fop.layoutengine.LayoutEngineTestCase" time="0.029"/>
  <testcase name="runTest[53]" classname="org.apache.fop.layoutengine.LayoutEngineTestCase" time="0.02"/>
  <testcase name="runTest[54]" classname="org.apache.fop.layoutengine.LayoutEngineTestCase" time="0.134"/>
  <testcase name="runTest[55]" classname="org.apache.fop.layoutengine.LayoutEngineTestCase" time="0.021"/>
  <testcase name="runTest[56]" classname="org.apache.fop.layoutengine.LayoutEngineTestCase" time="0.021"/>
  <testcase name="runTest[57]" classname="org.apache.fop.layoutengine.LayoutEngineTestCase" time="0.022"/>
  <testcase name="runTest[58]" classname="org.apache.fop.layoutengine.LayoutEngineTestCase" time="0.014"/>
  <testcase name="runTest[59]" classname="org.apache.fop.layoutengine.LayoutEngineTestCase" time="0.012"/>
  <testcase name="runTest[60]" classname="org.apache.fop.layoutengine.LayoutEngineTestCase" time="0.024"/>
  <testcase name="runTest[61]" classname="org.apache.fop.layoutengine.LayoutEngineTestCase" time="0.013"/>
  <testcase name="runTest[62]" classname="org.apache.fop.layoutengine.LayoutEngineTestCase" time="0.021"/>
  <testcase name="runTest[63]" classname="org.apache.fop.layoutengine.LayoutEngineTestCase" time="0.008"/>
  <testcase name="runTest[64]" classname="org.apache.fop.layoutengine.LayoutEngineTestCase" time="0.01"/>
  <testcase name="runTest[65]" classname="org.apache.fop.layoutengine.LayoutEngineTestCase" time="0.027"/>
  <testcase name="runTest[66]" classname="org.apache.fop.layoutengine.LayoutEngineTestCase" time="0.01"/>
  <testcase name="runTest[67]" classname="org.apache.fop.layoutengine.LayoutEngineTestCase" time="0.026"/>
  <testcase name="runTest[68]" classname="org.apache.fop.layoutengine.LayoutEngineTestCase" time="0.013"/>
  <testcase name="runTest[69]" classname="org.apache.fop.layoutengine.LayoutEngineTestCase" time="0.022"/>
  <testcase name="runTest[70]" classname="org.apache.fop.layoutengine.LayoutEngineTestCase" time="0.034"/>
  <testcase name="runTest[71]" classname="org.apache.fop.layoutengine.LayoutEngineTestCase" time="0.012"/>
  <testcase name="runTest[72]" classname="org.apache.fop.layoutengine.LayoutEngineTestCase" time="0.026"/>
  <testcase name="runTest[73]" classname="org.apache.fop.layoutengine.LayoutEngineTestCase" time="0.02"/>
  <testcase name="runTest[74]" classname="org.apache.fop.layoutengine.LayoutEngineTestCase" time="0.032"/>
  <testcase name="runTest[75]" classname="org.apache.fop.layoutengine.LayoutEngineTestCase" time="0.017"/>
  <testcase name="runTest[76]" classname="org.apache.fop.layoutengine.LayoutEngineTestCase" time="0.018"/>
  <testcase name="runTest[77]" classname="org.apache.fop.layoutengine.LayoutEngineTestCase" time="0.012"/>
  <testcase name="runTest[78]" classname="org.apache.fop.layoutengine.LayoutEngineTestCase" time="0.066"/>
  <testcase name="runTest[79]" classname="org.apache.fop.layoutengine.LayoutEngineTestCase" time="0.017"/>
  <testcase name="runTest[80]" classname="org.apache.fop.layoutengine.LayoutEngineTestCase" time="0.011"/>
  <testcase name="runTest[81]" classname="org.apache.fop.layoutengine.LayoutEngineTestCase" time="0.011"/>
  <testcase name="runTest[82]" classname="org.apache.fop.layoutengine.LayoutEngineTestCase" time="0.013"/>
  <testcase name="runTest[83]" classname="org.apache.fop.layoutengine.LayoutEngineTestCase" time="0.054"/>
  <testcase name="runTest[84]" classname="org.apache.fop.layoutengine.LayoutEngineTestCase" time="0.023"/>
  <testcase name="runTest[85]" classname="org.apache.fop.layoutengine.LayoutEngineTestCase" time="0.011"/>
  <testcase name="runTest[86]" classname="org.apache.fop.layoutengine.LayoutEngineTestCase" time="0.021"/>
  <testcase name="runTest[87]" classname="org.apache.fop.layoutengine.LayoutEngineTestCase" time="0.009"/>
  <testcase name="runTest[88]" classname="org.apache.fop.layoutengine.LayoutEngineTestCase" time="0.013"/>
  <testcase name="runTest[89]" classname="org.apache.fop.layoutengine.LayoutEngineTestCase" time="0.012"/>
  <testcase name="runTest[90]" classname="org.apache.fop.layoutengine.LayoutEngineTestCase" time="0.022"/>
  <testcase name="runTest[91]" classname="org.apache.fop.layoutengine.LayoutEngineTestCase" time="0.012"/>
  <testcase name="runTest[92]" classname="org.apache.fop.layoutengine.LayoutEngineTestCase" time="0.037"/>
  <testcase name="runTest[93]" classname="org.apache.fop.layoutengine.LayoutEngineTestCase" time="0.011"/>
  <testcase name="runTest[94]" classname="org.apache.fop.layoutengine.LayoutEngineTestCase" time="0.023"/>
  <testcase name="runTest[95]" classname="org.apache.fop.layoutengine.LayoutEngineTestCase" time="0.011"/>
  <testcase name="runTest[96]" classname="org.apache.fop.layoutengine.LayoutEngineTestCase" time="0.012"/>
  <testcase name="runTest[97]" classname="org.apache.fop.layoutengine.LayoutEngineTestCase" time="0.022"/>
  <testcase name="runTest[98]" classname="org.apache.fop.layoutengine.LayoutEngineTestCase" time="0.029"/>
  <testcase name="runTest[99]" classname="org.apache.fop.layoutengine.LayoutEngineTestCase" time="0.013"/>
  <testcase name="runTest[100]" classname="org.apache.fop.layoutengine.LayoutEngineTestCase" time="0.011"/>
  <testcase name="runTest[101]" classname="org.apache.fop.layoutengine.LayoutEngineTestCase" time="0.022"/>
  <testcase name="runTest[102]" classname="org.apache.fop.layoutengine.LayoutEngineTestCase" time="0.024"/>
  <testcase name="runTest[103]" classname="org.apache.fop.layoutengine.LayoutEngineTestCase" time="0.011"/>
  <testcase name="runTest[104]" classname="org.apache.fop.layoutengine.LayoutEngineTestCase" time="0.066"/>
  <testcase name="runTest[105]" classname="org.apache.fop.layoutengine.LayoutEngineTestCase" time="0.106"/>
  <testcase name="runTest[106]" classname="org.apache.fop.layoutengine.LayoutEngineTestCase" time="0.201"/>
  <testcase name="runTest[107]" classname="org.apache.fop.layoutengine.LayoutEngineTestCase" time="0.01"/>
  <testcase name="runTest[108]" classname="org.apache.fop.layoutengine.LayoutEngineTestCase" time="0.012"/>
  <testcase name="runTest[109]" classname="org.apache.fop.layoutengine.LayoutEngineTestCase" time="0.015"/>
  <testcase name="runTest[110]" classname="org.apache.fop.layoutengine.LayoutEngineTestCase" time="0.011"/>
  <testcase name="runTest[111]" classname="org.apache.fop.layoutengine.LayoutEngineTestCase" time="0.012"/>
  <testcase name="runTest[112]" classname="org.apache.fop.layoutengine.LayoutEngineTestCase" time="0.015"/>
  <testcase name="runTest[113]" classname="org.apache.fop.layoutengine.LayoutEngineTestCase" time="0.008"/>
  <testcase name="runTest[114]" classname="org.apache.fop.layoutengine.LayoutEngineTestCase" time="0.018"/>
  <testcase name="runTest[115]" classname="org.apache.fop.layoutengine.LayoutEngineTestCase" time="0.011"/>
  <testcase name="runTest[116]" classname="org.apache.fop.layoutengine.LayoutEngineTestCase" time="0.014"/>
  <testcase name="runTest[117]" classname="org.apache.fop.layoutengine.LayoutEngineTestCase" time="0.012"/>
  <testcase name="runTest[118]" classname="org.apache.fop.layoutengine.LayoutEngineTestCase" time="0.027"/>
  <testcase name="runTest[119]" classname="org.apache.fop.layoutengine.LayoutEngineTestCase" time="0.012"/>
  <testcase name="runTest[120]" classname="org.apache.fop.layoutengine.LayoutEngineTestCase" time="0.012"/>
  <testcase name="runTest[121]" classname="org.apache.fop.layoutengine.LayoutEngineTestCase" time="0.017"/>
  <testcase name="runTest[122]" classname="org.apache.fop.layoutengine.LayoutEngineTestCase" time="0.018"/>
  <testcase name="runTest[123]" classname="org.apache.fop.layoutengine.LayoutEngineTestCase" time="0.011"/>
  <testcase name="runTest[124]" classname="org.apache.fop.layoutengine.LayoutEngineTestCase" time="0.009"/>
  <testcase name="runTest[125]" classname="org.apache.fop.layoutengine.LayoutEngineTestCase" time="0.017"/>
  <testcase name="runTest[126]" classname="org.apache.fop.layoutengine.LayoutEngineTestCase" time="0.007"/>
  <testcase name="runTest[127]" classname="org.apache.fop.layoutengine.LayoutEngineTestCase" time="0.064"/>
  <testcase name="runTest[128]" classname="org.apache.fop.layoutengine.LayoutEngineTestCase" time="0.008"/>
  <testcase name="runTest[129]" classname="org.apache.fop.layoutengine.LayoutEngineTestCase" time="0.009"/>
  <testcase name="runTest[130]" classname="org.apache.fop.layoutengine.LayoutEngineTestCase" time="0.025"/>
  <testcase name="runTest[131]" classname="org.apache.fop.layoutengine.LayoutEngineTestCase" time="0.016"/>
  <testcase name="runTest[132]" classname="org.apache.fop.layoutengine.LayoutEngineTestCase" time="0.015"/>
  <testcase name="runTest[133]" classname="org.apache.fop.layoutengine.LayoutEngineTestCase" time="0.009"/>
  <testcase name="runTest[134]" classname="org.apache.fop.layoutengine.LayoutEngineTestCase" time="0.026"/>
  <testcase name="runTest[135]" classname="org.apache.fop.layoutengine.LayoutEngineTestCase" time="0.01"/>
  <testcase name="runTest[136]" classname="org.apache.fop.layoutengine.LayoutEngineTestCase" time="0.018"/>
  <testcase name="runTest[137]" classname="org.apache.fop.layoutengine.LayoutEngineTestCase" time="0.008"/>
  <testcase name="runTest[138]" classname="org.apache.fop.layoutengine.LayoutEngineTestCase" time="0.008"/>
  <testcase name="runTest[139]" classname="org.apache.fop.layoutengine.LayoutEngineTestCase" time="0.02"/>
  <testcase name="runTest[140]" classname="org.apache.fop.layoutengine.LayoutEngineTestCase" time="0.009"/>
  <testcase name="runTest[141]" classname="org.apache.fop.layoutengine.LayoutEngineTestCase" time="0.011"/>
  <testcase name="runTest[142]" classname="org.apache.fop.layoutengine.LayoutEngineTestCase" time="0.013"/>
  <testcase name="runTest[143]" classname="org.apache.fop.layoutengine.LayoutEngineTestCase" time="0.012"/>
  <testcase name="runTest[144]" classname="org.apache.fop.layoutengine.LayoutEngineTestCase" time="0.072"/>
  <testcase name="runTest[145]" classname="org.apache.fop.layoutengine.LayoutEngineTestCase" time="0.033"/>
  <testcase name="runTest[146]" classname="org.apache.fop.layoutengine.LayoutEngineTestCase" time="0.01"/>
  <testcase name="runTest[147]" classname="org.apache.fop.layoutengine.LayoutEngineTestCase" time="0.008"/>
  <testcase name="runTest[148]" classname="org.apache.fop.layoutengine.LayoutEngineTestCase" time="0.009"/>
  <testcase name="runTest[149]" classname="org.apache.fop.layoutengine.LayoutEngineTestCase" time="0.01"/>
  <testcase name="runTest[150]" classname="org.apache.fop.layoutengine.LayoutEngineTestCase" time="0.021"/>
  <testcase name="runTest[151]" classname="org.apache.fop.layoutengine.LayoutEngineTestCase" time="0.103"/>
  <testcase name="runTest[152]" classname="org.apache.fop.layoutengine.LayoutEngineTestCase" time="0.042"/>
  <testcase name="runTest[153]" classname="org.apache.fop.layoutengine.LayoutEngineTestCase" time="0.011"/>
  <testcase name="runTest[154]" classname="org.apache.fop.layoutengine.LayoutEngineTestCase" time="0.04"/>
  <testcase name="runTest[155]" classname="org.apache.fop.layoutengine.LayoutEngineTestCase" time="0.027"/>
  <testcase name="runTest[156]" classname="org.apache.fop.layoutengine.LayoutEngineTestCase" time="0.02"/>
  <testcase name="runTest[157]" classname="org.apache.fop.layoutengine.LayoutEngineTestCase" time="0.013"/>
  <testcase name="runTest[158]" classname="org.apache.fop.layoutengine.LayoutEngineTestCase" time="0.009"/>
  <testcase name="runTest[159]" classname="org.apache.fop.layoutengine.LayoutEngineTestCase" time="0.174"/>
  <testcase name="runTest[160]" classname="org.apache.fop.layoutengine.LayoutEngineTestCase" time="0.01"/>
  <testcase name="runTest[161]" classname="org.apache.fop.layoutengine.LayoutEngineTestCase" time="0.017"/>
  <testcase name="runTest[162]" classname="org.apache.fop.layoutengine.LayoutEngineTestCase" time="0.007"/>
  <testcase name="runTest[163]" classname="org.apache.fop.layoutengine.LayoutEngineTestCase" time="0.175"/>
  <testcase name="runTest[164]" classname="org.apache.fop.layoutengine.LayoutEngineTestCase" time="0.034"/>
  <testcase name="runTest[165]" classname="org.apache.fop.layoutengine.LayoutEngineTestCase" time="0.011"/>
  <testcase name="runTest[166]" classname="org.apache.fop.layoutengine.LayoutEngineTestCase" time="0.014"/>
  <testcase name="runTest[167]" classname="org.apache.fop.layoutengine.LayoutEngineTestCase" time="0.009"/>
  <testcase name="runTest[168]" classname="org.apache.fop.layoutengine.LayoutEngineTestCase" time="0.01"/>
  <testcase name="runTest[169]" classname="org.apache.fop.layoutengine.LayoutEngineTestCase" time="0.025"/>
  <testcase name="runTest[170]" classname="org.apache.fop.layoutengine.LayoutEngineTestCase" time="0.009"/>
  <testcase name="runTest[171]" classname="org.apache.fop.layoutengine.LayoutEngineTestCase" time="0.007"/>
  <testcase name="runTest[172]" classname="org.apache.fop.layoutengine.LayoutEngineTestCase" time="0.014"/>
  <testcase name="runTest[173]" classname="org.apache.fop.layoutengine.LayoutEngineTestCase" time="0.008"/>
  <testcase name="runTest[174]" classname="org.apache.fop.layoutengine.LayoutEngineTestCase" time="0.1"/>
  <testcase name="runTest[175]" classname="org.apache.fop.layoutengine.LayoutEngineTestCase" time="0.02"/>
  <testcase name="runTest[176]" classname="org.apache.fop.layoutengine.LayoutEngineTestCase" time="0.017"/>
  <testcase name="runTest[177]" classname="org.apache.fop.layoutengine.LayoutEngineTestCase" time="0.02"/>
  <testcase name="runTest[178]" classname="org.apache.fop.layoutengine.LayoutEngineTestCase" time="0.011"/>
  <testcase name="runTest[179]" classname="org.apache.fop.layoutengine.LayoutEngineTestCase" time="0.024"/>
  <testcase name="runTest[180]" classname="org.apache.fop.layoutengine.LayoutEngineTestCase" time="0.013"/>
  <testcase name="runTest[181]" classname="org.apache.fop.layoutengine.LayoutEngineTestCase" time="0.01"/>
  <testcase name="runTest[182]" classname="org.apache.fop.layoutengine.LayoutEngineTestCase" time="0.028"/>
  <testcase name="runTest[183]" classname="org.apache.fop.layoutengine.LayoutEngineTestCase" time="0.007"/>
  <testcase name="runTest[184]" classname="org.apache.fop.layoutengine.LayoutEngineTestCase" time="0.682"/>
  <testcase name="runTest[185]" classname="org.apache.fop.layoutengine.LayoutEngineTestCase" time="0.009"/>
  <testcase name="runTest[186]" classname="org.apache.fop.layoutengine.LayoutEngineTestCase" time="0.016"/>
  <testcase name="runTest[187]" classname="org.apache.fop.layoutengine.LayoutEngineTestCase" time="0.011"/>
  <testcase name="runTest[188]" classname="org.apache.fop.layoutengine.LayoutEngineTestCase" time="0.02"/>
  <testcase name="runTest[189]" classname="org.apache.fop.layoutengine.LayoutEngineTestCase" time="0.069"/>
  <testcase name="runTest[190]" classname="org.apache.fop.layoutengine.LayoutEngineTestCase" time="0.037"/>
  <testcase name="runTest[191]" classname="org.apache.fop.layoutengine.LayoutEngineTestCase" time="0.025"/>
  <testcase name="runTest[192]" classname="org.apache.fop.layoutengine.LayoutEngineTestCase" time="0.012"/>
  <testcase name="runTest[193]" classname="org.apache.fop.layoutengine.LayoutEngineTestCase" time="0.032"/>
  <testcase name="runTest[194]" classname="org.apache.fop.layoutengine.LayoutEngineTestCase" time="0.01"/>
  <testcase name="runTest[195]" classname="org.apache.fop.layoutengine.LayoutEngineTestCase" time="0.008"/>
  <testcase name="runTest[196]" classname="org.apache.fop.layoutengine.LayoutEngineTestCase" time="0.015"/>
  <testcase name="runTest[197]" classname="org.apache.fop.layoutengine.LayoutEngineTestCase" time="0.013"/>
  <testcase name="runTest[198]" classname="org.apache.fop.layoutengine.LayoutEngineTestCase" time="0.006"/>
  <testcase name="runTest[199]" classname="org.apache.fop.layoutengine.LayoutEngineTestCase" time="0.111"/>
  <testcase name="runTest[200]" classname="org.apache.fop.layoutengine.LayoutEngineTestCase" time="0.049"/>
  <testcase name="runTest[201]" classname="org.apache.fop.layoutengine.LayoutEngineTestCase" time="0.03"/>
  <testcase name="runTest[202]" classname="org.apache.fop.layoutengine.LayoutEngineTestCase" time="0.033"/>
  <testcase name="runTest[203]" classname="org.apache.fop.layoutengine.LayoutEngineTestCase" time="0.027"/>
  <testcase name="runTest[204]" classname="org.apache.fop.layoutengine.LayoutEngineTestCase" time="0.047"/>
  <testcase name="runTest[205]" classname="org.apache.fop.layoutengine.LayoutEngineTestCase" time="0.014"/>
  <testcase name="runTest[206]" classname="org.apache.fop.layoutengine.LayoutEngineTestCase" time="0.009"/>
  <testcase name="runTest[207]" classname="org.apache.fop.layoutengine.LayoutEngineTestCase" time="0.006"/>
  <testcase name="runTest[208]" classname="org.apache.fop.layoutengine.LayoutEngineTestCase" time="0.008"/>
  <testcase name="runTest[209]" classname="org.apache.fop.layoutengine.LayoutEngineTestCase" time="0.007"/>
  <testcase name="runTest[210]" classname="org.apache.fop.layoutengine.LayoutEngineTestCase" time="0.009"/>
  <testcase name="runTest[211]" classname="org.apache.fop.layoutengine.LayoutEngineTestCase" time="0.006"/>
  <testcase name="runTest[212]" classname="org.apache.fop.layoutengine.LayoutEngineTestCase" time="0.008"/>
  <testcase name="runTest[213]" classname="org.apache.fop.layoutengine.LayoutEngineTestCase" time="0.02"/>
  <testcase name="runTest[214]" classname="org.apache.fop.layoutengine.LayoutEngineTestCase" time="0.005"/>
  <testcase name="runTest[215]" classname="org.apache.fop.layoutengine.LayoutEngineTestCase" time="0.006"/>
  <testcase name="runTest[216]" classname="org.apache.fop.layoutengine.LayoutEngineTestCase" time="0.019"/>
  <testcase name="runTest[217]" classname="org.apache.fop.layoutengine.LayoutEngineTestCase" time="0.019"/>
  <testcase name="runTest[218]" classname="org.apache.fop.layoutengine.LayoutEngineTestCase" time="0.006"/>
  <testcase name="runTest[219]" classname="org.apache.fop.layoutengine.LayoutEngineTestCase" time="0.006"/>
  <testcase name="runTest[220]" classname="org.apache.fop.layoutengine.LayoutEngineTestCase" time="0.022"/>
  <testcase name="runTest[221]" classname="org.apache.fop.layoutengine.LayoutEngineTestCase" time="0.01"/>
  <testcase name="runTest[222]" classname="org.apache.fop.layoutengine.LayoutEngineTestCase" time="0.01"/>
  <testcase name="runTest[223]" classname="org.apache.fop.layoutengine.LayoutEngineTestCase" time="0.008"/>
  <testcase name="runTest[224]" classname="org.apache.fop.layoutengine.LayoutEngineTestCase" time="0.014"/>
  <testcase name="runTest[225]" classname="org.apache.fop.layoutengine.LayoutEngineTestCase" time="0.016"/>
  <testcase name="runTest[226]" classname="org.apache.fop.layoutengine.LayoutEngineTestCase" time="0.009"/>
  <testcase name="runTest[227]" classname="org.apache.fop.layoutengine.LayoutEngineTestCase" time="0.01"/>
  <testcase name="runTest[228]" classname="org.apache.fop.layoutengine.LayoutEngineTestCase" time="0.141"/>
  <testcase name="runTest[229]" classname="org.apache.fop.layoutengine.LayoutEngineTestCase" time="0.032"/>
  <testcase name="runTest[230]" classname="org.apache.fop.layoutengine.LayoutEngineTestCase" time="0.007"/>
  <testcase name="runTest[231]" classname="org.apache.fop.layoutengine.LayoutEngineTestCase" time="0.011"/>
  <testcase name="runTest[232]" classname="org.apache.fop.layoutengine.LayoutEngineTestCase" time="0.022"/>
  <testcase name="runTest[233]" classname="org.apache.fop.layoutengine.LayoutEngineTestCase" time="0.016"/>
  <testcase name="runTest[234]" classname="org.apache.fop.layoutengine.LayoutEngineTestCase" time="0.01"/>
  <testcase name="runTest[235]" classname="org.apache.fop.layoutengine.LayoutEngineTestCase" time="0.01"/>
  <testcase name="runTest[236]" classname="org.apache.fop.layoutengine.LayoutEngineTestCase" time="0.27"/>
  <testcase name="runTest[237]" classname="org.apache.fop.layoutengine.LayoutEngineTestCase" time="0.055"/>
  <testcase name="runTest[238]" classname="org.apache.fop.layoutengine.LayoutEngineTestCase" time="0.021"/>
  <testcase name="runTest[239]" classname="org.apache.fop.layoutengine.LayoutEngineTestCase" time="0.015"/>
  <testcase name="runTest[240]" classname="org.apache.fop.layoutengine.LayoutEngineTestCase" time="0.025"/>
  <testcase name="runTest[241]" classname="org.apache.fop.layoutengine.LayoutEngineTestCase" time="0.012"/>
  <testcase name="runTest[242]" classname="org.apache.fop.layoutengine.LayoutEngineTestCase" time="0.02"/>
  <testcase name="runTest[243]" classname="org.apache.fop.layoutengine.LayoutEngineTestCase" time="0.084"/>
  <testcase name="runTest[244]" classname="org.apache.fop.layoutengine.LayoutEngineTestCase" time="0.027"/>
  <testcase name="runTest[245]" classname="org.apache.fop.layoutengine.LayoutEngineTestCase" time="0.023"/>
  <testcase name="runTest[246]" classname="org.apache.fop.layoutengine.LayoutEngineTestCase" time="0.012"/>
  <testcase name="runTest[247]" classname="org.apache.fop.layoutengine.LayoutEngineTestCase" time="0.011"/>
  <testcase name="runTest[248]" classname="org.apache.fop.layoutengine.LayoutEngineTestCase" time="0.011"/>
  <testcase name="runTest[249]" classname="org.apache.fop.layoutengine.LayoutEngineTestCase" time="0.014"/>
  <testcase name="runTest[250]" classname="org.apache.fop.layoutengine.LayoutEngineTestCase" time="0.02"/>
  <testcase name="runTest[251]" classname="org.apache.fop.layoutengine.LayoutEngineTestCase" time="0.009"/>
  <testcase name="runTest[252]" classname="org.apache.fop.layoutengine.LayoutEngineTestCase" time="0.013"/>
  <testcase name="runTest[253]" classname="org.apache.fop.layoutengine.LayoutEngineTestCase" time="0.01"/>
  <testcase name="runTest[254]" classname="org.apache.fop.layoutengine.LayoutEngineTestCase" time="0.042"/>
  <testcase name="runTest[255]" classname="org.apache.fop.layoutengine.LayoutEngineTestCase" time="0.009"/>
  <testcase name="runTest[256]" classname="org.apache.fop.layoutengine.LayoutEngineTestCase" time="0.007"/>
  <testcase name="runTest[257]" classname="org.apache.fop.layoutengine.LayoutEngineTestCase" time="0.013"/>
  <testcase name="runTest[258]" classname="org.apache.fop.layoutengine.LayoutEngineTestCase" time="0.009"/>
  <testcase name="runTest[259]" classname="org.apache.fop.layoutengine.LayoutEngineTestCase" time="0.031"/>
  <testcase name="runTest[260]" classname="org.apache.fop.layoutengine.LayoutEngineTestCase" time="0.005"/>
  <testcase name="runTest[261]" classname="org.apache.fop.layoutengine.LayoutEngineTestCase" time="0.009"/>
  <testcase name="runTest[262]" classname="org.apache.fop.layoutengine.LayoutEngineTestCase" time="0.035"/>
  <testcase name="runTest[263]" classname="org.apache.fop.layoutengine.LayoutEngineTestCase" time="0.015"/>
  <testcase name="runTest[264]" classname="org.apache.fop.layoutengine.LayoutEngineTestCase" time="0.013"/>
  <testcase name="runTest[265]" classname="org.apache.fop.layoutengine.LayoutEngineTestCase" time="0.013"/>
  <testcase name="runTest[266]" classname="org.apache.fop.layoutengine.LayoutEngineTestCase" time="0.061"/>
  <testcase name="runTest[267]" classname="org.apache.fop.layoutengine.LayoutEngineTestCase" time="0.055"/>
  <testcase name="runTest[268]" classname="org.apache.fop.layoutengine.LayoutEngineTestCase" time="0.006"/>
  <testcase name="runTest[269]" classname="org.apache.fop.layoutengine.LayoutEngineTestCase" time="0.015"/>
  <testcase name="runTest[270]" classname="org.apache.fop.layoutengine.LayoutEngineTestCase" time="0.009"/>
  <testcase name="runTest[271]" classname="org.apache.fop.layoutengine.LayoutEngineTestCase" time="0.011"/>
  <testcase name="runTest[272]" classname="org.apache.fop.layoutengine.LayoutEngineTestCase" time="0.011"/>
  <testcase name="runTest[273]" classname="org.apache.fop.layoutengine.LayoutEngineTestCase" time="0.011"/>
  <testcase name="runTest[274]" classname="org.apache.fop.layoutengine.LayoutEngineTestCase" time="0.026"/>
  <testcase name="runTest[275]" classname="org.apache.fop.layoutengine.LayoutEngineTestCase" time="0.007"/>
  <testcase name="runTest[276]" classname="org.apache.fop.layoutengine.LayoutEngineTestCase" time="0.012"/>
  <testcase name="runTest[277]" classname="org.apache.fop.layoutengine.LayoutEngineTestCase" time="0.022"/>
  <testcase name="runTest[278]" classname="org.apache.fop.layoutengine.LayoutEngineTestCase" time="0.013"/>
  <testcase name="runTest[279]" classname="org.apache.fop.layoutengine.LayoutEngineTestCase" time="0.008"/>
  <testcase name="runTest[280]" classname="org.apache.fop.layoutengine.LayoutEngineTestCase" time="0.006"/>
  <testcase name="runTest[281]" classname="org.apache.fop.layoutengine.LayoutEngineTestCase" time="0.562"/>
  <testcase name="runTest[282]" classname="org.apache.fop.layoutengine.LayoutEngineTestCase" time="0.028"/>
  <testcase name="runTest[283]" classname="org.apache.fop.layoutengine.LayoutEngineTestCase" time="0.005"/>
  <testcase name="runTest[284]" classname="org.apache.fop.layoutengine.LayoutEngineTestCase" time="0.006"/>
  <testcase name="runTest[285]" classname="org.apache.fop.layoutengine.LayoutEngineTestCase" time="0.009"/>
  <testcase name="runTest[286]" classname="org.apache.fop.layoutengine.LayoutEngineTestCase" time="0.095"/>
  <testcase name="runTest[287]" classname="org.apache.fop.layoutengine.LayoutEngineTestCase" time="0.182"/>
  <testcase name="runTest[288]" classname="org.apache.fop.layoutengine.LayoutEngineTestCase" time="0.007"/>
  <testcase name="runTest[289]" classname="org.apache.fop.layoutengine.LayoutEngineTestCase" time="0.008"/>
  <testcase name="runTest[290]" classname="org.apache.fop.layoutengine.LayoutEngineTestCase" time="0.012"/>
  <testcase name="runTest[291]" classname="org.apache.fop.layoutengine.LayoutEngineTestCase" time="0.008"/>
  <testcase name="runTest[292]" classname="org.apache.fop.layoutengine.LayoutEngineTestCase" time="0.008"/>
  <testcase name="runTest[293]" classname="org.apache.fop.layoutengine.LayoutEngineTestCase" time="0.018"/>
  <testcase name="runTest[294]" classname="org.apache.fop.layoutengine.LayoutEngineTestCase" time="0.012"/>
  <testcase name="runTest[295]" classname="org.apache.fop.layoutengine.LayoutEngineTestCase" time="0.007"/>
  <testcase name="runTest[296]" classname="org.apache.fop.layoutengine.LayoutEngineTestCase" time="0.011"/>
  <testcase name="runTest[297]" classname="org.apache.fop.layoutengine.LayoutEngineTestCase" time="0.015"/>
  <testcase name="runTest[298]" classname="org.apache.fop.layoutengine.LayoutEngineTestCase" time="0.009"/>
  <testcase name="runTest[299]" classname="org.apache.fop.layoutengine.LayoutEngineTestCase" time="0.009"/>
  <testcase name="runTest[300]" classname="org.apache.fop.layoutengine.LayoutEngineTestCase" time="0.012"/>
  <testcase name="runTest[301]" classname="org.apache.fop.layoutengine.LayoutEngineTestCase" time="0.007"/>
  <testcase name="runTest[302]" classname="org.apache.fop.layoutengine.LayoutEngineTestCase" time="0.01"/>
  <testcase name="runTest[303]" classname="org.apache.fop.layoutengine.LayoutEngineTestCase" time="0.01"/>
  <testcase name="runTest[304]" classname="org.apache.fop.layoutengine.LayoutEngineTestCase" time="0.019"/>
  <testcase name="runTest[305]" classname="org.apache.fop.layoutengine.LayoutEngineTestCase" time="0.009"/>
  <testcase name="runTest[306]" classname="org.apache.fop.layoutengine.LayoutEngineTestCase" time="0.01"/>
  <testcase name="runTest[307]" classname="org.apache.fop.layoutengine.LayoutEngineTestCase" time="0.007"/>
  <testcase name="runTest[308]" classname="org.apache.fop.layoutengine.LayoutEngineTestCase" time="0.013"/>
  <testcase name="runTest[309]" classname="org.apache.fop.layoutengine.LayoutEngineTestCase" time="0.032"/>
  <testcase name="runTest[310]" classname="org.apache.fop.layoutengine.LayoutEngineTestCase" time="0.006"/>
  <testcase name="runTest[311]" classname="org.apache.fop.layoutengine.LayoutEngineTestCase" time="0.005"/>
  <testcase name="runTest[312]" classname="org.apache.fop.layoutengine.LayoutEngineTestCase" time="0.025"/>
  <testcase name="runTest[313]" classname="org.apache.fop.layoutengine.LayoutEngineTestCase" time="0.012"/>
  <testcase name="runTest[314]" classname="org.apache.fop.layoutengine.LayoutEngineTestCase" time="0.011"/>
  <testcase name="runTest[315]" classname="org.apache.fop.layoutengine.LayoutEngineTestCase" time="0.007"/>
  <testcase name="runTest[316]" classname="org.apache.fop.layoutengine.LayoutEngineTestCase" time="0.015"/>
  <testcase name="runTest[317]" classname="org.apache.fop.layoutengine.LayoutEngineTestCase" time="0.058"/>
  <testcase name="runTest[318]" classname="org.apache.fop.layoutengine.LayoutEngineTestCase" time="0.035"/>
  <testcase name="runTest[319]" classname="org.apache.fop.layoutengine.LayoutEngineTestCase" time="0.008"/>
  <testcase name="runTest[320]" classname="org.apache.fop.layoutengine.LayoutEngineTestCase" time="0.189"/>
  <testcase name="runTest[321]" classname="org.apache.fop.layoutengine.LayoutEngineTestCase" time="0.012"/>
  <testcase name="runTest[322]" classname="org.apache.fop.layoutengine.LayoutEngineTestCase" time="0.02"/>
  <testcase name="runTest[323]" classname="org.apache.fop.layoutengine.LayoutEngineTestCase" time="0.01"/>
  <testcase name="runTest[324]" classname="org.apache.fop.layoutengine.LayoutEngineTestCase" time="0.012"/>
  <testcase name="runTest[325]" classname="org.apache.fop.layoutengine.LayoutEngineTestCase" time="0.017"/>
  <testcase name="runTest[326]" classname="org.apache.fop.layoutengine.LayoutEngineTestCase" time="0.006"/>
  <testcase name="runTest[327]" classname="org.apache.fop.layoutengine.LayoutEngineTestCase" time="0.008"/>
  <testcase name="runTest[328]" classname="org.apache.fop.layoutengine.LayoutEngineTestCase" time="0.047"/>
  <testcase name="runTest[329]" classname="org.apache.fop.layoutengine.LayoutEngineTestCase" time="0.011"/>
  <testcase name="runTest[330]" classname="org.apache.fop.layoutengine.LayoutEngineTestCase" time="0.012"/>
  <testcase name="runTest[331]" classname="org.apache.fop.layoutengine.LayoutEngineTestCase" time="0.053"/>
  <testcase name="runTest[332]" classname="org.apache.fop.layoutengine.LayoutEngineTestCase" time="0.009"/>
  <testcase name="runTest[333]" classname="org.apache.fop.layoutengine.LayoutEngineTestCase" time="0.014"/>
  <testcase name="runTest[334]" classname="org.apache.fop.layoutengine.LayoutEngineTestCase" time="0.007"/>
  <testcase name="runTest[335]" classname="org.apache.fop.layoutengine.LayoutEngineTestCase" time="0.016"/>
  <testcase name="runTest[336]" classname="org.apache.fop.layoutengine.LayoutEngineTestCase" time="0.021"/>
  <testcase name="runTest[337]" classname="org.apache.fop.layoutengine.LayoutEngineTestCase" time="0.021"/>
  <testcase name="runTest[338]" classname="org.apache.fop.layoutengine.LayoutEngineTestCase" time="0.011"/>
  <testcase name="runTest[339]" classname="org.apache.fop.layoutengine.LayoutEngineTestCase" time="0.01"/>
  <testcase name="runTest[340]" classname="org.apache.fop.layoutengine.LayoutEngineTestCase" time="0.021"/>
  <testcase name="runTest[341]" classname="org.apache.fop.layoutengine.LayoutEngineTestCase" time="0.006"/>
  <testcase name="runTest[342]" classname="org.apache.fop.layoutengine.LayoutEngineTestCase" time="0.009"/>
  <testcase name="runTest[343]" classname="org.apache.fop.layoutengine.LayoutEngineTestCase" time="0.012"/>
  <testcase name="runTest[344]" classname="org.apache.fop.layoutengine.LayoutEngineTestCase" time="0.008"/>
  <testcase name="runTest[345]" classname="org.apache.fop.layoutengine.LayoutEngineTestCase" time="0.007"/>
  <testcase name="runTest[346]" classname="org.apache.fop.layoutengine.LayoutEngineTestCase" time="0.018"/>
  <testcase name="runTest[347]" classname="org.apache.fop.layoutengine.LayoutEngineTestCase" time="0.011"/>
  <testcase name="runTest[348]" classname="org.apache.fop.layoutengine.LayoutEngineTestCase" time="0.007"/>
  <testcase name="runTest[349]" classname="org.apache.fop.layoutengine.LayoutEngineTestCase" time="0.012"/>
  <testcase name="runTest[350]" classname="org.apache.fop.layoutengine.LayoutEngineTestCase" time="0.008"/>
  <testcase name="runTest[351]" classname="org.apache.fop.layoutengine.LayoutEngineTestCase" time="0.006"/>
  <testcase name="runTest[352]" classname="org.apache.fop.layoutengine.LayoutEngineTestCase" time="0.023"/>
  <testcase name="runTest[353]" classname="org.apache.fop.layoutengine.LayoutEngineTestCase" time="0.01"/>
  <testcase name="runTest[354]" classname="org.apache.fop.layoutengine.LayoutEngineTestCase" time="0.014"/>
  <testcase name="runTest[355]" classname="org.apache.fop.layoutengine.LayoutEngineTestCase" time="0.015"/>
  <testcase name="runTest[356]" classname="org.apache.fop.layoutengine.LayoutEngineTestCase" time="0.01"/>
  <testcase name="runTest[357]" classname="org.apache.fop.layoutengine.LayoutEngineTestCase" time="0.035"/>
  <testcase name="runTest[358]" classname="org.apache.fop.layoutengine.LayoutEngineTestCase" time="0.008"/>
  <testcase name="runTest[359]" classname="org.apache.fop.layoutengine.LayoutEngineTestCase" time="0.009"/>
  <testcase name="runTest[360]" classname="org.apache.fop.layoutengine.LayoutEngineTestCase" time="0.015"/>
  <testcase name="runTest[361]" classname="org.apache.fop.layoutengine.LayoutEngineTestCase" time="0.008"/>
  <testcase name="runTest[362]" classname="org.apache.fop.layoutengine.LayoutEngineTestCase" time="0.013"/>
  <testcase name="runTest[363]" classname="org.apache.fop.layoutengine.LayoutEngineTestCase" time="0.008"/>
  <testcase name="runTest[364]" classname="org.apache.fop.layoutengine.LayoutEngineTestCase" time="0.011"/>
  <testcase name="runTest[365]" classname="org.apache.fop.layoutengine.LayoutEngineTestCase" time="0.006"/>
  <testcase name="runTest[366]" classname="org.apache.fop.layoutengine.LayoutEngineTestCase" time="0.026"/>
  <testcase name="runTest[367]" classname="org.apache.fop.layoutengine.LayoutEngineTestCase" time="0.007"/>
  <testcase name="runTest[368]" classname="org.apache.fop.layoutengine.LayoutEngineTestCase" time="0.006"/>
  <testcase name="runTest[369]" classname="org.apache.fop.layoutengine.LayoutEngineTestCase" time="0.009"/>
  <testcase name="runTest[370]" classname="org.apache.fop.layoutengine.LayoutEngineTestCase" time="0.012"/>
  <testcase name="runTest[371]" classname="org.apache.fop.layoutengine.LayoutEngineTestCase" time="0.052"/>
  <testcase name="runTest[372]" classname="org.apache.fop.layoutengine.LayoutEngineTestCase" time="0.011"/>
  <testcase name="runTest[373]" classname="org.apache.fop.layoutengine.LayoutEngineTestCase" time="0.015"/>
  <testcase name="runTest[374]" classname="org.apache.fop.layoutengine.LayoutEngineTestCase" time="0.007"/>
  <testcase name="runTest[375]" classname="org.apache.fop.layoutengine.LayoutEngineTestCase" time="0.009"/>
  <testcase name="runTest[376]" classname="org.apache.fop.layoutengine.LayoutEngineTestCase" time="0.016"/>
  <testcase name="runTest[377]" classname="org.apache.fop.layoutengine.LayoutEngineTestCase" time="0.009"/>
  <testcase name="runTest[378]" classname="org.apache.fop.layoutengine.LayoutEngineTestCase" time="0.007"/>
  <testcase name="runTest[379]" classname="org.apache.fop.layoutengine.LayoutEngineTestCase" time="0.01"/>
  <testcase name="runTest[380]" classname="org.apache.fop.layoutengine.LayoutEngineTestCase" time="0.005"/>
  <testcase name="runTest[381]" classname="org.apache.fop.layoutengine.LayoutEngineTestCase" time="0.079"/>
  <testcase name="runTest[382]" classname="org.apache.fop.layoutengine.LayoutEngineTestCase" time="0.006"/>
  <testcase name="runTest[383]" classname="org.apache.fop.layoutengine.LayoutEngineTestCase" time="0.007"/>
  <testcase name="runTest[384]" classname="org.apache.fop.layoutengine.LayoutEngineTestCase" time="0.02"/>
  <testcase name="runTest[385]" classname="org.apache.fop.layoutengine.LayoutEngineTestCase" time="0.007"/>
  <testcase name="runTest[386]" classname="org.apache.fop.layoutengine.LayoutEngineTestCase" time="0.01"/>
  <testcase name="runTest[387]" classname="org.apache.fop.layoutengine.LayoutEngineTestCase" time="0.008"/>
  <testcase name="runTest[388]" classname="org.apache.fop.layoutengine.LayoutEngineTestCase" time="0.009"/>
  <testcase name="runTest[389]" classname="org.apache.fop.layoutengine.LayoutEngineTestCase" time="0.007"/>
  <testcase name="runTest[390]" classname="org.apache.fop.layoutengine.LayoutEngineTestCase" time="0.01"/>
  <testcase name="runTest[391]" classname="org.apache.fop.layoutengine.LayoutEngineTestCase" time="0.008"/>
  <testcase name="runTest[392]" classname="org.apache.fop.layoutengine.LayoutEngineTestCase" time="0.006"/>
  <testcase name="runTest[393]" classname="org.apache.fop.layoutengine.LayoutEngineTestCase" time="0.008"/>
  <testcase name="runTest[394]" classname="org.apache.fop.layoutengine.LayoutEngineTestCase" time="0.01"/>
  <testcase name="runTest[395]" classname="org.apache.fop.layoutengine.LayoutEngineTestCase" time="0.012"/>
  <testcase name="runTest[396]" classname="org.apache.fop.layoutengine.LayoutEngineTestCase" time="0.016"/>
  <testcase name="runTest[397]" classname="org.apache.fop.layoutengine.LayoutEngineTestCase" time="0.01"/>
  <testcase name="runTest[398]" classname="org.apache.fop.layoutengine.LayoutEngineTestCase" time="0.006"/>
  <testcase name="runTest[399]" classname="org.apache.fop.layoutengine.LayoutEngineTestCase" time="0.076"/>
  <testcase name="runTest[400]" classname="org.apache.fop.layoutengine.LayoutEngineTestCase" time="0.012"/>
  <testcase name="runTest[401]" classname="org.apache.fop.layoutengine.LayoutEngineTestCase" time="0.018"/>
  <testcase name="runTest[402]" classname="org.apache.fop.layoutengine.LayoutEngineTestCase" time="0.008"/>
  <testcase name="runTest[403]" classname="org.apache.fop.layoutengine.LayoutEngineTestCase" time="0.023"/>
  <testcase name="runTest[404]" classname="org.apache.fop.layoutengine.LayoutEngineTestCase" time="0.005"/>
  <testcase name="runTest[405]" classname="org.apache.fop.layoutengine.LayoutEngineTestCase" time="0.01"/>
  <testcase name="runTest[406]" classname="org.apache.fop.layoutengine.LayoutEngineTestCase" time="0.019"/>
  <testcase name="runTest[407]" classname="org.apache.fop.layoutengine.LayoutEngineTestCase" time="0.033"/>
  <testcase name="runTest[408]" classname="org.apache.fop.layoutengine.LayoutEngineTestCase" time="0.007"/>
  <testcase name="runTest[409]" classname="org.apache.fop.layoutengine.LayoutEngineTestCase" time="0.013"/>
  <testcase name="runTest[410]" classname="org.apache.fop.layoutengine.LayoutEngineTestCase" time="0.018"/>
  <testcase name="runTest[411]" classname="org.apache.fop.layoutengine.LayoutEngineTestCase" time="0.01"/>
  <testcase name="runTest[412]" classname="org.apache.fop.layoutengine.LayoutEngineTestCase" time="0.008"/>
  <testcase name="runTest[413]" classname="org.apache.fop.layoutengine.LayoutEngineTestCase" time="0.011"/>
  <testcase name="runTest[414]" classname="org.apache.fop.layoutengine.LayoutEngineTestCase" time="0.608"/>
  <testcase name="runTest[415]" classname="org.apache.fop.layoutengine.LayoutEngineTestCase" time="0.009"/>
  <testcase name="runTest[416]" classname="org.apache.fop.layoutengine.LayoutEngineTestCase" time="0.009"/>
  <testcase name="runTest[417]" classname="org.apache.fop.layoutengine.LayoutEngineTestCase" time="0.01"/>
  <testcase name="runTest[418]" classname="org.apache.fop.layoutengine.LayoutEngineTestCase" time="0.015"/>
  <testcase name="runTest[419]" classname="org.apache.fop.layoutengine.LayoutEngineTestCase" time="0.007"/>
  <testcase name="runTest[420]" classname="org.apache.fop.layoutengine.LayoutEngineTestCase" time="0.008"/>
  <testcase name="runTest[421]" classname="org.apache.fop.layoutengine.LayoutEngineTestCase" time="0.018"/>
  <testcase name="runTest[422]" classname="org.apache.fop.layoutengine.LayoutEngineTestCase" time="0.011"/>
  <testcase name="runTest[423]" classname="org.apache.fop.layoutengine.LayoutEngineTestCase" time="0.015"/>
  <testcase name="runTest[424]" classname="org.apache.fop.layoutengine.LayoutEngineTestCase" time="0.013"/>
  <testcase name="runTest[425]" classname="org.apache.fop.layoutengine.LayoutEngineTestCase" time="0.01"/>
  <testcase name="runTest[426]" classname="org.apache.fop.layoutengine.LayoutEngineTestCase" time="0.007"/>
  <testcase name="runTest[427]" classname="org.apache.fop.layoutengine.LayoutEngineTestCase" time="0.006"/>
  <testcase name="runTest[428]" classname="org.apache.fop.layoutengine.LayoutEngineTestCase" time="0.006"/>
  <testcase name="runTest[429]" classname="org.apache.fop.layoutengine.LayoutEngineTestCase" time="0.006"/>
  <testcase name="runTest[430]" classname="org.apache.fop.layoutengine.LayoutEngineTestCase" time="0.011"/>
  <testcase name="runTest[431]" classname="org.apache.fop.layoutengine.LayoutEngineTestCase" time="0.053"/>
  <testcase name="runTest[432]" classname="org.apache.fop.layoutengine.LayoutEngineTestCase" time="0.003"/>
  <testcase name="runTest[433]" classname="org.apache.fop.layoutengine.LayoutEngineTestCase" time="0.008"/>
  <testcase name="runTest[434]" classname="org.apache.fop.layoutengine.LayoutEngineTestCase" time="0.071"/>
  <testcase name="runTest[435]" classname="org.apache.fop.layoutengine.LayoutEngineTestCase" time="0.012"/>
  <testcase name="runTest[436]" classname="org.apache.fop.layoutengine.LayoutEngineTestCase" time="0.013"/>
  <testcase name="runTest[437]" classname="org.apache.fop.layoutengine.LayoutEngineTestCase" time="0.019"/>
  <testcase name="runTest[438]" classname="org.apache.fop.layoutengine.LayoutEngineTestCase" time="0.009"/>
  <testcase name="runTest[439]" classname="org.apache.fop.layoutengine.LayoutEngineTestCase" time="0.006"/>
  <testcase name="runTest[440]" classname="org.apache.fop.layoutengine.LayoutEngineTestCase" time="0.006"/>
  <testcase name="runTest[441]" classname="org.apache.fop.layoutengine.LayoutEngineTestCase" time="0.006"/>
  <testcase name="runTest[442]" classname="org.apache.fop.layoutengine.LayoutEngineTestCase" time="0.013"/>
  <testcase name="runTest[443]" classname="org.apache.fop.layoutengine.LayoutEngineTestCase" time="0.115"/>
  <testcase name="runTest[444]" classname="org.apache.fop.layoutengine.LayoutEngineTestCase" time="0.005"/>
  <testcase name="runTest[445]" classname="org.apache.fop.layoutengine.LayoutEngineTestCase" time="0.004"/>
  <testcase name="runTest[446]" classname="org.apache.fop.layoutengine.LayoutEngineTestCase" time="0.07"/>
  <testcase name="runTest[447]" classname="org.apache.fop.layoutengine.LayoutEngineTestCase" time="0.01"/>
  <testcase name="runTest[448]" classname="org.apache.fop.layoutengine.LayoutEngineTestCase" time="0.009"/>
  <testcase name="runTest[449]" classname="org.apache.fop.layoutengine.LayoutEngineTestCase" time="0.007"/>
  <testcase name="runTest[450]" classname="org.apache.fop.layoutengine.LayoutEngineTestCase" time="0.006"/>
  <testcase name="runTest[451]" classname="org.apache.fop.layoutengine.LayoutEngineTestCase" time="0.015"/>
  <testcase name="runTest[452]" classname="org.apache.fop.layoutengine.LayoutEngineTestCase" time="0.006"/>
  <testcase name="runTest[453]" classname="org.apache.fop.layoutengine.LayoutEngineTestCase" time="0.014"/>
  <testcase name="runTest[454]" classname="org.apache.fop.layoutengine.LayoutEngineTestCase" time="0.014"/>
  <testcase name="runTest[455]" classname="org.apache.fop.layoutengine.LayoutEngineTestCase" time="0.019"/>
  <testcase name="runTest[456]" classname="org.apache.fop.layoutengine.LayoutEngineTestCase" time="0.015"/>
  <testcase name="runTest[457]" classname="org.apache.fop.layoutengine.LayoutEngineTestCase" time="0.006"/>
  <testcase name="runTest[458]" classname="org.apache.fop.layoutengine.LayoutEngineTestCase" time="0.006"/>
  <testcase name="runTest[459]" classname="org.apache.fop.layoutengine.LayoutEngineTestCase" time="0.013"/>
  <testcase name="runTest[460]" classname="org.apache.fop.layoutengine.LayoutEngineTestCase" time="0.008"/>
  <testcase name="runTest[461]" classname="org.apache.fop.layoutengine.LayoutEngineTestCase" time="0.017"/>
  <testcase name="runTest[462]" classname="org.apache.fop.layoutengine.LayoutEngineTestCase" time="0.007"/>
  <testcase name="runTest[463]" classname="org.apache.fop.layoutengine.LayoutEngineTestCase" time="0.034"/>
  <testcase name="runTest[464]" classname="org.apache.fop.layoutengine.LayoutEngineTestCase" time="0.018"/>
  <testcase name="runTest[465]" classname="org.apache.fop.layoutengine.LayoutEngineTestCase" time="0.009"/>
  <testcase name="runTest[466]" classname="org.apache.fop.layoutengine.LayoutEngineTestCase" time="0.006"/>
  <testcase name="runTest[467]" classname="org.apache.fop.layoutengine.LayoutEngineTestCase" time="0.006"/>
  <testcase name="runTest[468]" classname="org.apache.fop.layoutengine.LayoutEngineTestCase" time="0.006"/>
  <testcase name="runTest[469]" classname="org.apache.fop.layoutengine.LayoutEngineTestCase" time="0.008"/>
  <testcase name="runTest[470]" classname="org.apache.fop.layoutengine.LayoutEngineTestCase" time="0.005"/>
  <testcase name="runTest[471]" classname="org.apache.fop.layoutengine.LayoutEngineTestCase" time="0.013"/>
  <testcase name="runTest[472]" classname="org.apache.fop.layoutengine.LayoutEngineTestCase" time="0.01"/>
  <testcase name="runTest[473]" classname="org.apache.fop.layoutengine.LayoutEngineTestCase" time="0.012"/>
  <testcase name="runTest[474]" classname="org.apache.fop.layoutengine.LayoutEngineTestCase" time="0.007"/>
  <testcase name="runTest[475]" classname="org.apache.fop.layoutengine.LayoutEngineTestCase" time="0.005"/>
  <testcase name="runTest[476]" classname="org.apache.fop.layoutengine.LayoutEngineTestCase" time="0.005"/>
  <testcase name="runTest[477]" classname="org.apache.fop.layoutengine.LayoutEngineTestCase" time="0.011"/>
  <testcase name="runTest[478]" classname="org.apache.fop.layoutengine.LayoutEngineTestCase" time="0.005"/>
  <testcase name="runTest[479]" classname="org.apache.fop.layoutengine.LayoutEngineTestCase" time="0.012"/>
  <testcase name="runTest[480]" classname="org.apache.fop.layoutengine.LayoutEngineTestCase" time="0.016"/>
  <testcase name="runTest[481]" classname="org.apache.fop.layoutengine.LayoutEngineTestCase" time="0.005"/>
  <testcase name="runTest[482]" classname="org.apache.fop.layoutengine.LayoutEngineTestCase" time="0.006"/>
  <testcase name="runTest[483]" classname="org.apache.fop.layoutengine.LayoutEngineTestCase" time="0.024"/>
  <testcase name="runTest[484]" classname="org.apache.fop.layoutengine.LayoutEngineTestCase" time="0.011"/>
  <testcase name="runTest[485]" classname="org.apache.fop.layoutengine.LayoutEngineTestCase" time="0.088"/>
  <testcase name="runTest[486]" classname="org.apache.fop.layoutengine.LayoutEngineTestCase" time="0.007"/>
  <testcase name="runTest[487]" classname="org.apache.fop.layoutengine.LayoutEngineTestCase" time="0.01"/>
  <testcase name="runTest[488]" classname="org.apache.fop.layoutengine.LayoutEngineTestCase" time="0.024"/>
  <testcase name="runTest[489]" classname="org.apache.fop.layoutengine.LayoutEngineTestCase" time="0.01"/>
  <testcase name="runTest[490]" classname="org.apache.fop.layoutengine.LayoutEngineTestCase" time="0.019"/>
  <testcase name="runTest[491]" classname="org.apache.fop.layoutengine.LayoutEngineTestCase" time="0.007"/>
  <testcase name="runTest[492]" classname="org.apache.fop.layoutengine.LayoutEngineTestCase" time="0.012"/>
  <testcase name="runTest[493]" classname="org.apache.fop.layoutengine.LayoutEngineTestCase" time="0.007"/>
  <testcase name="runTest[494]" classname="org.apache.fop.layoutengine.LayoutEngineTestCase" time="0.047"/>
  <testcase name="runTest[495]" classname="org.apache.fop.layoutengine.LayoutEngineTestCase" time="0.022"/>
  <testcase name="runTest[496]" classname="org.apache.fop.layoutengine.LayoutEngineTestCase" time="0.005"/>
  <testcase name="runTest[497]" classname="org.apache.fop.layoutengine.LayoutEngineTestCase" time="0.024"/>
  <testcase name="runTest[498]" classname="org.apache.fop.layoutengine.LayoutEngineTestCase" time="0.005"/>
  <testcase name="runTest[499]" classname="org.apache.fop.layoutengine.LayoutEngineTestCase" time="0.006"/>
  <testcase name="runTest[500]" classname="org.apache.fop.layoutengine.LayoutEngineTestCase" time="0.218"/>
  <testcase name="runTest[501]" classname="org.apache.fop.layoutengine.LayoutEngineTestCase" time="0.009"/>
  <testcase name="runTest[502]" classname="org.apache.fop.layoutengine.LayoutEngineTestCase" time="0.011"/>
  <testcase name="runTest[503]" classname="org.apache.fop.layoutengine.LayoutEngineTestCase" time="0.008"/>
  <testcase name="runTest[504]" classname="org.apache.fop.layoutengine.LayoutEngineTestCase" time="0.006"/>
  <testcase name="runTest[505]" classname="org.apache.fop.layoutengine.LayoutEngineTestCase" time="0.01"/>
  <testcase name="runTest[506]" classname="org.apache.fop.layoutengine.LayoutEngineTestCase" time="0.005"/>
  <testcase name="runTest[507]" classname="org.apache.fop.layoutengine.LayoutEngineTestCase" time="0.005"/>
  <testcase name="runTest[508]" classname="org.apache.fop.layoutengine.LayoutEngineTestCase" time="0.008"/>
  <testcase name="runTest[509]" classname="org.apache.fop.layoutengine.LayoutEngineTestCase" time="0.017"/>
  <testcase name="runTest[510]" classname="org.apache.fop.layoutengine.LayoutEngineTestCase" time="0.012"/>
  <testcase name="runTest[511]" classname="org.apache.fop.layoutengine.LayoutEngineTestCase" time="0.025"/>
  <testcase name="runTest[512]" classname="org.apache.fop.layoutengine.LayoutEngineTestCase" time="0.008"/>
  <testcase name="runTest[513]" classname="org.apache.fop.layoutengine.LayoutEngineTestCase" time="0.013"/>
  <testcase name="runTest[514]" classname="org.apache.fop.layoutengine.LayoutEngineTestCase" time="0.009"/>
  <testcase name="runTest[515]" classname="org.apache.fop.layoutengine.LayoutEngineTestCase" time="0.005"/>
  <testcase name="runTest[516]" classname="org.apache.fop.layoutengine.LayoutEngineTestCase" time="0.011"/>
  <testcase name="runTest[517]" classname="org.apache.fop.layoutengine.LayoutEngineTestCase" time="0.033"/>
  <testcase name="runTest[518]" classname="org.apache.fop.layoutengine.LayoutEngineTestCase" time="0.016"/>
  <testcase name="runTest[519]" classname="org.apache.fop.layoutengine.LayoutEngineTestCase" time="0.007"/>
  <testcase name="runTest[520]" classname="org.apache.fop.layoutengine.LayoutEngineTestCase" time="0.007"/>
  <testcase name="runTest[521]" classname="org.apache.fop.layoutengine.LayoutEngineTestCase" time="0.006"/>
  <testcase name="runTest[522]" classname="org.apache.fop.layoutengine.LayoutEngineTestCase" time="0.016"/>
  <testcase name="runTest[523]" classname="org.apache.fop.layoutengine.LayoutEngineTestCase" time="0.023"/>
  <testcase name="runTest[524]" classname="org.apache.fop.layoutengine.LayoutEngineTestCase" time="0.008"/>
  <testcase name="runTest[525]" classname="org.apache.fop.layoutengine.LayoutEngineTestCase" time="0.006"/>
  <testcase name="runTest[526]" classname="org.apache.fop.layoutengine.LayoutEngineTestCase" time="0.008"/>
  <testcase name="runTest[527]" classname="org.apache.fop.layoutengine.LayoutEngineTestCase" time="0.01"/>
  <testcase name="runTest[528]" classname="org.apache.fop.layoutengine.LayoutEngineTestCase" time="0.007"/>
  <testcase name="runTest[529]" classname="org.apache.fop.layoutengine.LayoutEngineTestCase" time="0.007"/>
  <testcase name="runTest[530]" classname="org.apache.fop.layoutengine.LayoutEngineTestCase" time="0.007"/>
  <testcase name="runTest[531]" classname="org.apache.fop.layoutengine.LayoutEngineTestCase" time="0.016"/>
  <testcase name="runTest[532]" classname="org.apache.fop.layoutengine.LayoutEngineTestCase" time="0.007"/>
  <testcase name="runTest[533]" classname="org.apache.fop.layoutengine.LayoutEngineTestCase" time="0.015"/>
  <testcase name="runTest[534]" classname="org.apache.fop.layoutengine.LayoutEngineTestCase" time="0.016"/>
  <testcase name="runTest[535]" classname="org.apache.fop.layoutengine.LayoutEngineTestCase" time="0.006"/>
  <testcase name="runTest[536]" classname="org.apache.fop.layoutengine.LayoutEngineTestCase" time="0.004"/>
  <testcase name="runTest[537]" classname="org.apache.fop.layoutengine.LayoutEngineTestCase" time="0.008"/>
  <testcase name="runTest[538]" classname="org.apache.fop.layoutengine.LayoutEngineTestCase" time="0.005"/>
  <testcase name="runTest[539]" classname="org.apache.fop.layoutengine.LayoutEngineTestCase" time="0.015"/>
  <testcase name="runTest[540]" classname="org.apache.fop.layoutengine.LayoutEngineTestCase" time="0.006"/>
  <testcase name="runTest[541]" classname="org.apache.fop.layoutengine.LayoutEngineTestCase" time="0.004"/>
  <testcase name="runTest[542]" classname="org.apache.fop.layoutengine.LayoutEngineTestCase" time="0.006"/>
  <testcase name="runTest[543]" classname="org.apache.fop.layoutengine.LayoutEngineTestCase" time="0.012"/>
  <testcase name="runTest[544]" classname="org.apache.fop.layoutengine.LayoutEngineTestCase" time="0.007"/>
  <testcase name="runTest[545]" classname="org.apache.fop.layoutengine.LayoutEngineTestCase" time="0.007"/>
  <testcase name="runTest[546]" classname="org.apache.fop.layoutengine.LayoutEngineTestCase" time="0.005"/>
  <testcase name="runTest[547]" classname="org.apache.fop.layoutengine.LayoutEngineTestCase" time="0.044"/>
  <testcase name="runTest[548]" classname="org.apache.fop.layoutengine.LayoutEngineTestCase" time="0.007"/>
  <testcase name="runTest[549]" classname="org.apache.fop.layoutengine.LayoutEngineTestCase" time="0.004"/>
  <testcase name="runTest[550]" classname="org.apache.fop.layoutengine.LayoutEngineTestCase" time="0.006"/>
  <testcase name="runTest[551]" classname="org.apache.fop.layoutengine.LayoutEngineTestCase" time="0.006"/>
  <testcase name="runTest[552]" classname="org.apache.fop.layoutengine.LayoutEngineTestCase" time="0.007"/>
  <testcase name="runTest[553]" classname="org.apache.fop.layoutengine.LayoutEngineTestCase" time="0.028"/>
  <testcase name="runTest[554]" classname="org.apache.fop.layoutengine.LayoutEngineTestCase" time="0.229"/>
  <testcase name="runTest[555]" classname="org.apache.fop.layoutengine.LayoutEngineTestCase" time="0.512"/>
  <testcase name="runTest[556]" classname="org.apache.fop.layoutengine.LayoutEngineTestCase" time="0.015"/>
  <testcase name="runTest[557]" classname="org.apache.fop.layoutengine.LayoutEngineTestCase" time="0.009"/>
  <testcase name="runTest[558]" classname="org.apache.fop.layoutengine.LayoutEngineTestCase" time="0.53"/>
  <testcase name="runTest[559]" classname="org.apache.fop.layoutengine.LayoutEngineTestCase" time="0.057"/>
  <testcase name="runTest[560]" classname="org.apache.fop.layoutengine.LayoutEngineTestCase" time="0.008"/>
  <testcase name="runTest[561]" classname="org.apache.fop.layoutengine.LayoutEngineTestCase" time="0.008"/>
  <testcase name="runTest[562]" classname="org.apache.fop.layoutengine.LayoutEngineTestCase" time="0.005"/>
  <testcase name="runTest[563]" classname="org.apache.fop.layoutengine.LayoutEngineTestCase" time="0.006"/>
  <testcase name="runTest[564]" classname="org.apache.fop.layoutengine.LayoutEngineTestCase" time="0.01"/>
  <testcase name="runTest[565]" classname="org.apache.fop.layoutengine.LayoutEngineTestCase" time="0.005"/>
  <testcase name="runTest[566]" classname="org.apache.fop.layoutengine.LayoutEngineTestCase" time="0.007"/>
  <testcase name="runTest[567]" classname="org.apache.fop.layoutengine.LayoutEngineTestCase" time="0.006"/>
  <testcase name="runTest[568]" classname="org.apache.fop.layoutengine.LayoutEngineTestCase" time="0.01"/>
  <testcase name="runTest[569]" classname="org.apache.fop.layoutengine.LayoutEngineTestCase" time="0.015"/>
  <testcase name="runTest[570]" classname="org.apache.fop.layoutengine.LayoutEngineTestCase" time="0.005"/>
  <testcase name="runTest[571]" classname="org.apache.fop.layoutengine.LayoutEngineTestCase" time="0.006"/>
  <testcase name="runTest[572]" classname="org.apache.fop.layoutengine.LayoutEngineTestCase" time="0.005"/>
  <testcase name="runTest[573]" classname="org.apache.fop.layoutengine.LayoutEngineTestCase" time="0.015"/>
  <testcase name="runTest[574]" classname="org.apache.fop.layoutengine.LayoutEngineTestCase" time="0.006"/>
  <testcase name="runTest[575]" classname="org.apache.fop.layoutengine.LayoutEngineTestCase" time="0.008"/>
  <testcase name="runTest[576]" classname="org.apache.fop.layoutengine.LayoutEngineTestCase" time="0.012"/>
  <testcase name="runTest[577]" classname="org.apache.fop.layoutengine.LayoutEngineTestCase" time="0.027"/>
  <testcase name="runTest[578]" classname="org.apache.fop.layoutengine.LayoutEngineTestCase" time="0.008"/>
  <testcase name="runTest[579]" classname="org.apache.fop.layoutengine.LayoutEngineTestCase" time="0.007"/>
  <testcase name="runTest[580]" classname="org.apache.fop.layoutengine.LayoutEngineTestCase" time="0.006"/>
  <testcase name="runTest[581]" classname="org.apache.fop.layoutengine.LayoutEngineTestCase" time="0.01"/>
  <testcase name="runTest[582]" classname="org.apache.fop.layoutengine.LayoutEngineTestCase" time="0.007"/>
  <testcase name="runTest[583]" classname="org.apache.fop.layoutengine.LayoutEngineTestCase" time="0.007"/>
  <testcase name="runTest[584]" classname="org.apache.fop.layoutengine.LayoutEngineTestCase" time="0.012"/>
  <testcase name="runTest[585]" classname="org.apache.fop.layoutengine.LayoutEngineTestCase" time="0.035"/>
  <testcase name="runTest[586]" classname="org.apache.fop.layoutengine.LayoutEngineTestCase" time="0.008"/>
  <testcase name="runTest[587]" classname="org.apache.fop.layoutengine.LayoutEngineTestCase" time="0.006"/>
  <testcase name="runTest[588]" classname="org.apache.fop.layoutengine.LayoutEngineTestCase" time="0.013"/>
  <testcase name="runTest[589]" classname="org.apache.fop.layoutengine.LayoutEngineTestCase" time="0.005"/>
  <testcase name="runTest[590]" classname="org.apache.fop.layoutengine.LayoutEngineTestCase" time="0.009"/>
  <testcase name="runTest[591]" classname="org.apache.fop.layoutengine.LayoutEngineTestCase" time="0.006"/>
  <testcase name="runTest[592]" classname="org.apache.fop.layoutengine.LayoutEngineTestCase" time="0.009"/>
  <testcase name="runTest[593]" classname="org.apache.fop.layoutengine.LayoutEngineTestCase" time="0.014"/>
  <testcase name="runTest[594]" classname="org.apache.fop.layoutengine.LayoutEngineTestCase" time="0.006"/>
  <testcase name="runTest[595]" classname="org.apache.fop.layoutengine.LayoutEngineTestCase" time="0.009"/>
  <testcase name="runTest[596]" classname="org.apache.fop.layoutengine.LayoutEngineTestCase" time="0.009"/>
  <testcase name="runTest[597]" classname="org.apache.fop.layoutengine.LayoutEngineTestCase" time="0.006"/>
  <testcase name="runTest[598]" classname="org.apache.fop.layoutengine.LayoutEngineTestCase" time="0.011"/>
  <testcase name="runTest[599]" classname="org.apache.fop.layoutengine.LayoutEngineTestCase" time="0.007"/>
  <testcase name="runTest[600]" classname="org.apache.fop.layoutengine.LayoutEngineTestCase" time="0.011"/>
  <testcase name="runTest[601]" classname="org.apache.fop.layoutengine.LayoutEngineTestCase" time="0.031"/>
  <testcase name="runTest[602]" classname="org.apache.fop.layoutengine.LayoutEngineTestCase" time="0.006"/>
  <testcase name="runTest[603]" classname="org.apache.fop.layoutengine.LayoutEngineTestCase" time="0.006"/>
  <testcase name="runTest[604]" classname="org.apache.fop.layoutengine.LayoutEngineTestCase" time="0.007"/>
  <testcase name="runTest[605]" classname="org.apache.fop.layoutengine.LayoutEngineTestCase" time="0.006"/>
  <testcase name="runTest[606]" classname="org.apache.fop.layoutengine.LayoutEngineTestCase" time="0.064"/>
  <testcase name="runTest[607]" classname="org.apache.fop.layoutengine.LayoutEngineTestCase" time="0.007"/>
  <testcase name="runTest[608]" classname="org.apache.fop.layoutengine.LayoutEngineTestCase" time="0.005"/>
  <testcase name="runTest[609]" classname="org.apache.fop.layoutengine.LayoutEngineTestCase" time="0.015"/>
  <testcase name="runTest[610]" classname="org.apache.fop.layoutengine.LayoutEngineTestCase" time="0.009"/>
  <testcase name="runTest[611]" classname="org.apache.fop.layoutengine.LayoutEngineTestCase" time="0.013"/>
  <testcase name="runTest[612]" classname="org.apache.fop.layoutengine.LayoutEngineTestCase" time="0.006"/>
  <testcase name="runTest[613]" classname="org.apache.fop.layoutengine.LayoutEngineTestCase" time="0.007"/>
  <testcase name="runTest[614]" classname="org.apache.fop.layoutengine.LayoutEngineTestCase" time="0.006"/>
  <testcase name="runTest[615]" classname="org.apache.fop.layoutengine.LayoutEngineTestCase" time="0.017"/>
  <testcase name="runTest[616]" classname="org.apache.fop.layoutengine.LayoutEngineTestCase" time="0.007"/>
  <testcase name="runTest[617]" classname="org.apache.fop.layoutengine.LayoutEngineTestCase" time="0.005"/>
  <testcase name="runTest[618]" classname="org.apache.fop.layoutengine.LayoutEngineTestCase" time="0.005"/>
  <testcase name="runTest[619]" classname="org.apache.fop.layoutengine.LayoutEngineTestCase" time="0.019"/>
  <testcase name="runTest[620]" classname="org.apache.fop.layoutengine.LayoutEngineTestCase" time="0.017"/>
  <testcase name="runTest[621]" classname="org.apache.fop.layoutengine.LayoutEngineTestCase" time="0.006"/>
  <testcase name="runTest[622]" classname="org.apache.fop.layoutengine.LayoutEngineTestCase" time="0.007"/>
  <testcase name="runTest[623]" classname="org.apache.fop.layoutengine.LayoutEngineTestCase" time="0.006"/>
  <testcase name="runTest[624]" classname="org.apache.fop.layoutengine.LayoutEngineTestCase" time="0.013"/>
  <testcase name="runTest[625]" classname="org.apache.fop.layoutengine.LayoutEngineTestCase" time="0.008"/>
  <testcase name="runTest[626]" classname="org.apache.fop.layoutengine.LayoutEngineTestCase" time="0.005"/>
  <testcase name="runTest[627]" classname="org.apache.fop.layoutengine.LayoutEngineTestCase" time="0.004"/>
  <testcase name="runTest[628]" classname="org.apache.fop.layoutengine.LayoutEngineTestCase" time="0.008"/>
  <testcase name="runTest[629]" classname="org.apache.fop.layoutengine.LayoutEngineTestCase" time="0.043"/>
  <testcase name="runTest[630]" classname="org.apache.fop.layoutengine.LayoutEngineTestCase" time="0.004"/>
  <testcase name="runTest[631]" classname="org.apache.fop.layoutengine.LayoutEngineTestCase" time="0.085"/>
  <testcase name="runTest[632]" classname="org.apache.fop.layoutengine.LayoutEngineTestCase" time="0.008"/>
  <testcase name="runTest[633]" classname="org.apache.fop.layoutengine.LayoutEngineTestCase" time="0.011"/>
  <testcase name="runTest[634]" classname="org.apache.fop.layoutengine.LayoutEngineTestCase" time="0.011"/>
  <testcase name="runTest[635]" classname="org.apache.fop.layoutengine.LayoutEngineTestCase" time="0.013"/>
  <testcase name="runTest[636]" classname="org.apache.fop.layoutengine.LayoutEngineTestCase" time="0.014"/>
  <testcase name="runTest[637]" classname="org.apache.fop.layoutengine.LayoutEngineTestCase" time="0.019"/>
  <testcase name="runTest[638]" classname="org.apache.fop.layoutengine.LayoutEngineTestCase" time="0.012"/>
  <testcase name="runTest[639]" classname="org.apache.fop.layoutengine.LayoutEngineTestCase" time="0.006"/>
  <testcase name="runTest[640]" classname="org.apache.fop.layoutengine.LayoutEngineTestCase" time="0.005"/>
  <testcase name="runTest[641]" classname="org.apache.fop.layoutengine.LayoutEngineTestCase" time="0.005"/>
  <testcase name="runTest[642]" classname="org.apache.fop.layoutengine.LayoutEngineTestCase" time="0.008"/>
  <testcase name="runTest[643]" classname="org.apache.fop.layoutengine.LayoutEngineTestCase" time="0.005"/>
  <testcase name="runTest[644]" classname="org.apache.fop.layoutengine.LayoutEngineTestCase" time="0.01"/>
  <testcase name="runTest[645]" classname="org.apache.fop.layoutengine.LayoutEngineTestCase" time="0.006"/>
  <testcase name="runTest[646]" classname="org.apache.fop.layoutengine.LayoutEngineTestCase" time="0.01"/>
  <testcase name="runTest[647]" classname="org.apache.fop.layoutengine.LayoutEngineTestCase" time="0.004"/>
  <testcase name="runTest[648]" classname="org.apache.fop.layoutengine.LayoutEngineTestCase" time="0.006"/>
  <testcase name="runTest[649]" classname="org.apache.fop.layoutengine.LayoutEngineTestCase" time="0.007"/>
  <testcase name="runTest[650]" classname="org.apache.fop.layoutengine.LayoutEngineTestCase" time="0.006"/>
  <testcase name="runTest[651]" classname="org.apache.fop.layoutengine.LayoutEngineTestCase" time="0.015"/>
  <testcase name="runTest[652]" classname="org.apache.fop.layoutengine.LayoutEngineTestCase" time="0.008"/>
  <testcase name="runTest[653]" classname="org.apache.fop.layoutengine.LayoutEngineTestCase" time="0.005"/>
  <testcase name="runTest[654]" classname="org.apache.fop.layoutengine.LayoutEngineTestCase" time="0.006"/>
  <testcase name="runTest[655]" classname="org.apache.fop.layoutengine.LayoutEngineTestCase" time="0.005"/>
  <testcase name="runTest[656]" classname="org.apache.fop.layoutengine.LayoutEngineTestCase" time="0.018"/>
  <testcase name="runTest[657]" classname="org.apache.fop.layoutengine.LayoutEngineTestCase" time="0.007"/>
  <testcase name="runTest[658]" classname="org.apache.fop.layoutengine.LayoutEngineTestCase" time="0.007"/>
  <testcase name="runTest[659]" classname="org.apache.fop.layoutengine.LayoutEngineTestCase" time="0.007"/>
  <testcase name="runTest[660]" classname="org.apache.fop.layoutengine.LayoutEngineTestCase" time="0.006"/>
  <testcase name="runTest[661]" classname="org.apache.fop.layoutengine.LayoutEngineTestCase" time="0.009"/>
  <testcase name="runTest[662]" classname="org.apache.fop.layoutengine.LayoutEngineTestCase" time="0.012"/>
  <testcase name="runTest[663]" classname="org.apache.fop.layoutengine.LayoutEngineTestCase" time="0.009"/>
  <testcase name="runTest[664]" classname="org.apache.fop.layoutengine.LayoutEngineTestCase" time="0.006"/>
  <testcase name="runTest[665]" classname="org.apache.fop.layoutengine.LayoutEngineTestCase" time="0.006"/>
  <testcase name="runTest[666]" classname="org.apache.fop.layoutengine.LayoutEngineTestCase" time="0.243"/>
  <testcase name="runTest[667]" classname="org.apache.fop.layoutengine.LayoutEngineTestCase" time="0.64"/>
  <testcase name="runTest[668]" classname="org.apache.fop.layoutengine.LayoutEngineTestCase" time="0.007"/>
  <testcase name="runTest[669]" classname="org.apache.fop.layoutengine.LayoutEngineTestCase" time="0.009"/>
  <testcase name="runTest[670]" classname="org.apache.fop.layoutengine.LayoutEngineTestCase" time="0.006"/>
  <testcase name="runTest[671]" classname="org.apache.fop.layoutengine.LayoutEngineTestCase" time="0.005"/>
  <testcase name="runTest[672]" classname="org.apache.fop.layoutengine.LayoutEngineTestCase" time="0.007"/>
  <testcase name="runTest[673]" classname="org.apache.fop.layoutengine.LayoutEngineTestCase" time="0.017"/>
  <testcase name="runTest[674]" classname="org.apache.fop.layoutengine.LayoutEngineTestCase" time="0.018"/>
  <testcase name="runTest[675]" classname="org.apache.fop.layoutengine.LayoutEngineTestCase" time="0.013"/>
  <testcase name="runTest[676]" classname="org.apache.fop.layoutengine.LayoutEngineTestCase" time="0.007"/>
  <testcase name="runTest[677]" classname="org.apache.fop.layoutengine.LayoutEngineTestCase" time="0.015"/>
  <testcase name="runTest[678]" classname="org.apache.fop.layoutengine.LayoutEngineTestCase" time="0.021"/>
  <testcase name="runTest[679]" classname="org.apache.fop.layoutengine.LayoutEngineTestCase" time="0.006"/>
  <testcase name="runTest[680]" classname="org.apache.fop.layoutengine.LayoutEngineTestCase" time="0.213"/>
  <testcase name="runTest[681]" classname="org.apache.fop.layoutengine.LayoutEngineTestCase" time="0.008"/>
  <testcase name="runTest[682]" classname="org.apache.fop.layoutengine.LayoutEngineTestCase" time="0.006"/>
  <testcase name="runTest[683]" classname="org.apache.fop.layoutengine.LayoutEngineTestCase" time="0.009"/>
  <testcase name="runTest[684]" classname="org.apache.fop.layoutengine.LayoutEngineTestCase" time="0.007"/>
</testsuite>